0 info it worked if it ends with ok
1 verbose cli [ 'C:\\Program Files\\nodejs\\node.exe',
1 verbose cli   'C:\\Users\\RILEY\\AppData\\Roaming\\npm\\node_modules\\npm\\bin\\npm-cli.js',
1 verbose cli   'start' ]
2 info using npm@3.10.8
3 info using node@v8.3.0
4 verbose run-script [ 'prestart', 'start', 'poststart' ]
5 info lifecycle firedrill@0.0.1~prestart: firedrill@0.0.1
6 silly lifecycle firedrill@0.0.1~prestart: no script for prestart, continuing
7 info lifecycle firedrill@0.0.1~start: firedrill@0.0.1
8 verbose lifecycle firedrill@0.0.1~start: unsafe-perm in lifecycle true
9 verbose lifecycle firedrill@0.0.1~start: PATH: C:\Users\RILEY\AppData\Roaming\npm\node_modules\npm\bin\node-gyp-bin;C:\Users\RILEY\Desktop\firedrill\node_modules\.bin;C:\Program Files\cmder\bin;C:\Program Files\cmder\vendor\conemu-maximus5\ConEmu\Scripts;C:\Program Files\cmder\vendor\conemu-maximus5;C:\Program Files\cmder\vendor\conemu-maximus5\ConEmu;C:\ProgramData\Oracle\Java\javapath;C:\Windows\system32;C:\Windows;C:\Windows\System32\Wbem;C:\Windows\System32\WindowsPowerShell\v1.0\;C:\Program Files (x86)\ATI Technologies\ATI.ACE\Core-Static;C:\Program Files (x86)\NVIDIA Corporation\PhysX\Common;C:\ProgramData\chocolatey\bin;C:\tools\python2;C:\Program Files\Git\cmd;C:\Python27;C:\Program Files\Java\jdk1.8.0_102\bin;C:\Users\RILEY\AppData\Local\Android\android-sdk\tools;C:\Users\RILEY\AppData\Local\Android\android-sdk\platform-tools;C:\WINDOWS\system32;C:\WINDOWS;C:\WINDOWS\System32\Wbem;C:\WINDOWS\System32\WindowsPowerShell\v1.0\;C:\Python27\Scripts;C:\Program Files\Redis;C:\Program Files (x86)\Skype\Phone\;C:\Ruby23\bin;C:\Program Files (x86)\Windows Kits\8.1\Windows Performance Toolkit\;C:\Program Files\nodejs\;C:\Program Files\MySQL\MySQL Utilities 1.6\;C:\Program Files\php;C:\ProgramData\ComposerSetup\bin;C:\Go\bin;C:\Program Files\CMake\bin;C:\Program Files\pkg-config\bin;C:\MinGW\bin;C:\Users\RILEY\AppData\Local\Microsoft\WindowsApps;C:\Users\RILEY\AppData\Roaming\npm;C:\Users\RILEY\AppData\Roaming\Composer\vendor\bin;;C:\Program Files\Git\usr\bin;C:\Program Files\Git\usr\share\vim\vim74;C:\Program Files\cmder\
10 verbose lifecycle firedrill@0.0.1~start: CWD: C:\Users\RILEY\Desktop\firedrill
11 silly lifecycle firedrill@0.0.1~start: Args: [ '/d /s /c', 'node server.js' ]
12 silly lifecycle firedrill@0.0.1~start: Returned: code: 1  signal: null
13 info lifecycle firedrill@0.0.1~start: Failed to exec start script
14 verbose stack Error: firedrill@0.0.1 start: `node server.js`
14 verbose stack Exit status 1
14 verbose stack     at EventEmitter.<anonymous> (C:\Users\RILEY\AppData\Roaming\npm\node_modules\npm\lib\utils\lifecycle.js:255:16)
14 verbose stack     at emitTwo (events.js:125:13)
14 verbose stack     at EventEmitter.emit (events.js:213:7)
14 verbose stack     at ChildProcess.<anonymous> (C:\Users\RILEY\AppData\Roaming\npm\node_modules\npm\lib\utils\spawn.js:40:14)
14 verbose stack     at emitTwo (events.js:125:13)
14 verbose stack     at ChildProcess.emit (events.js:213:7)
14 verbose stack     at maybeClose (internal/child_process.js:927:16)
14 verbose stack     at Process.ChildProcess._handle.onexit (internal/child_process.js:211:5)
15 verbose pkgid firedrill@0.0.1
16 verbose cwd C:\Users\RILEY\Desktop\firedrill
17 error Windows_NT 10.0.16299
18 error argv "C:\\Program Files\\nodejs\\node.exe" "C:\\Users\\RILEY\\AppData\\Roaming\\npm\\node_modules\\npm\\bin\\npm-cli.js" "start"
19 error node v8.3.0
20 error npm  v3.10.8
21 error code ELIFECYCLE
22 error firedrill@0.0.1 start: `node server.js`
22 error Exit status 1
23 error Failed at the firedrill@0.0.1 start script 'node server.js'.
23 error Make sure you have the latest version of node.js and npm installed.
23 error If you do, this is most likely a problem with the firedrill package,
23 error not with npm itself.
23 error Tell the author that this fails on your system:
23 error     node server.js
23 error You can get information on how to open an issue for this project with:
23 error     npm bugs firedrill
23 error Or if that isn't available, you can get their info via:
23 error     npm owner ls firedrill
23 error There is likely additional logging output above.
24 verbose exit [ 1, true ]
